<?xml version="1.0" encoding="UTF-8"?>
<robot generator="Robot 3.1.2 (Python 3.8.0 on win32)" generated="20191220 17:25:37.980" rpa="false">
<suite id="s1" name="Sparktest" source="C:\Users\HP\PycharmProjects\SparkRobotFramework\venv\TestSpark\Test\Sparktest.robot">
<test id="s1-t1" name="Test case_001_Get thirth title from Clients page">
<kw name="Open Browser" library="Selenium2Library">
<doc>Opens a new browser instance to the optional ``url``.</doc>
<arguments>
<arg>${Link}</arg>
<arg>${Browser}</arg>
</arguments>
<msg timestamp="20191220 17:25:38.274" level="INFO">Opening browser 'gc' to base url 'https://sparkdigital.com'.</msg>
<status status="PASS" starttime="20191220 17:25:38.274" endtime="20191220 17:25:51.878"></status>
</kw>
<kw name="Click Link" library="Selenium2Library">
<doc>Clicks a link identified by ``locator``.</doc>
<arguments>
<arg>Xpath = //a[.='Clients']</arg>
</arguments>
<msg timestamp="20191220 17:25:51.879" level="INFO">Clicking link 'Xpath = //a[.='Clients']'.</msg>
<status status="PASS" starttime="20191220 17:25:51.879" endtime="20191220 17:25:55.538"></status>
</kw>
<kw name="Mouse Over" library="Selenium2Library">
<doc>Simulates hovering the mouse over the element ``locator``.</doc>
<arguments>
<arg>css= div.view-display-id-embed_1 li:nth-of-type(3)</arg>
</arguments>
<msg timestamp="20191220 17:25:55.539" level="INFO">Simulating Mouse Over on element 'css= div.view-display-id-embed_1 li:nth-of-type(3)'.</msg>
<status status="PASS" starttime="20191220 17:25:55.538" endtime="20191220 17:25:56.068"></status>
</kw>
<kw name="Get Text" library="Selenium2Library">
<doc>Returns the text value of the element identified by ``locator``.</doc>
<arguments>
<arg>css=div.view-display-id-embed_1 li:nth-of-type(3)</arg>
</arguments>
<assign>
<var>${textelement}</var>
</assign>
<msg timestamp="20191220 17:25:56.097" level="INFO">${textelement} = Deluxe</msg>
<status status="PASS" starttime="20191220 17:25:56.068" endtime="20191220 17:25:56.097"></status>
</kw>
<kw name="Split String" library="String">
<doc>Splits the ``string`` using ``separator`` as a delimiter string.</doc>
<arguments>
<arg>${textelement}</arg>
</arguments>
<assign>
<var>@{text}</var>
</assign>
<msg timestamp="20191220 17:25:56.098" level="INFO">@{text} = [ Deluxe ]</msg>
<status status="PASS" starttime="20191220 17:25:56.098" endtime="20191220 17:25:56.098"></status>
</kw>
<kw name="Log To Console" library="BuiltIn">
<doc>Logs the given message to the console.</doc>
<arguments>
<arg>@{text}</arg>
</arguments>
<status status="PASS" starttime="20191220 17:25:56.099" endtime="20191220 17:25:56.099"></status>
</kw>
<kw name="Close Browser" library="Selenium2Library">
<doc>Closes the current browser.</doc>
<status status="PASS" starttime="20191220 17:25:56.100" endtime="20191220 17:25:58.443"></status>
</kw>
<doc>Type the test cases here</doc>
<status status="PASS" starttime="20191220 17:25:38.273" endtime="20191220 17:25:58.443" critical="yes"></status>
</test>
<doc>This main used libraries go here</doc>
<status status="PASS" starttime="20191220 17:25:37.982" endtime="20191220 17:25:58.445"></status>
</suite>
<statistics>
<total>
<stat pass="1" fail="0">Critical Tests</stat>
<stat pass="1" fail="0">All Tests</stat>
</total>
<tag>
</tag>
<suite>
<stat pass="1" fail="0" id="s1" name="Sparktest">Sparktest</stat>
</suite>
</statistics>
<errors>
</errors>
</robot>
